/mnt/emotiview/repoShaggy/EmotiViewPrivate/EV_analysis/work/1b/589bca5490ba6848c1230e6e69343d/.command.sh: line 2: rightScaleWord: command not found
Traceback (most recent call last):
  File "/mnt/emotiview/repoShaggy/PsyAnalysisToolbox/Python/analyzers/quest_analyzer.py", line 117, in <module>
    run(input_parquet, question_pattern, response_pattern, scale_pattern)
  File "/mnt/emotiview/repoShaggy/PsyAnalysisToolbox/Python/analyzers/quest_analyzer.py", line 6, in <lambda>
    print(f"[Nextflow] Questionnaire analysis started for: {input_parquet}") or (
    ^^^^^^^^^^^^^^^^^^^^^^^^^^^^^^^^^^^^^^^^^^^^^^^^^^^^^^^^^^^^^^^^^^^^^^^^
BrokenPipeError: [Errno 32] Broken pipe

During handling of the above exception, another exception occurred:

Traceback (most recent call last):
  File "/mnt/emotiview/repoShaggy/PsyAnalysisToolbox/Python/analyzers/quest_analyzer.py", line 119, in <module>
    print(f"[Nextflow] Questionnaire analysis errored. Error: {e}")
BrokenPipeError: [Errno 32] Broken pipe
